<?xml version="1.0" encoding="utf-8"?><testsuites name="pytest tests"><testsuite name="pytest" errors="0" failures="0" skipped="0" tests="10" time="3.643" timestamp="2026-06-26T02:28:13.808274+00:00" hostname="agent-env-5a0be0b7-80ae-4881-ae5a-f3fa22d2e46a"><testcase classname="tests.backend_test_budgets" name="test_list_budgets_endpoint" time="0.785" /><testcase classname="tests.backend_test_budgets" name="test_create_budget_active_with_observations" time="0.201" /><testcase classname="tests.backend_test_budgets" name="test_create_when_editable_exists_returns_409" time="0.103" /><testcase classname="tests.backend_test_budgets" name="test_patch_preserves_item_ids_and_observations" time="0.211" /><testcase classname="tests.backend_test_budgets" name="test_price_change_creates_detailed_activity_log" time="0.721" /><testcase classname="tests.backend_test_budgets" name="test_finalize_budget_changes_status" time="0.309" /><testcase classname="tests.backend_test_budgets" name="test_price_isolation_between_budgets_and_catalog" time="0.196" /><testcase classname="tests.backend_test_budgets" name="test_cancel_budget_and_logs" time="0.594" /><testcase classname="tests.backend_test_budgets" name="test_total_budgeted_uses_finalized_when_no_editable" time="0.109" /><testcase classname="tests.backend_test_budgets" name="test_total_budgeted_prefers_active_over_finalized" time="0.323" /></testsuite></testsuites>