<?xml version="1.0" encoding="utf-8"?><testsuites name="pytest tests"><testsuite name="pytest" errors="0" failures="6" skipped="0" tests="110" time="194.216" timestamp="2026-06-21T23:00:10.351993+00:00" hostname="agent-env-5a0be0b7-80ae-4881-ae5a-f3fa22d2e46a"><testcase classname="tests.backend_test.TestHealth" name="test_health_public_no_auth" time="0.130" /><testcase classname="tests.backend_test.TestAuth" name="test_login_admin" time="0.274" /><testcase classname="tests.backend_test.TestAuth" name="test_login_reception" time="0.271" /><testcase classname="tests.backend_test.TestAuth" name="test_login_bad_credentials" time="0.272" /><testcase classname="tests.backend_test.TestAuth" name="test_protected_without_token" time="0.048" /><testcase classname="tests.backend_test.TestAuth" name="test_me_with_token" time="0.102" /><testcase classname="tests.backend_test.TestAuth" name="test_refresh" time="0.047" /><testcase classname="tests.backend_test.TestAuth" name="test_refresh_invalid" time="0.046" /><testcase classname="tests.backend_test.TestAuth" name="test_protected_bad_token" time="0.094" /><testcase classname="tests.backend_test.TestBranchesDoctors" name="test_list_branches" time="0.097" /><testcase classname="tests.backend_test.TestBranchesDoctors" name="test_doctors_active" time="0.099" /><testcase classname="tests.backend_test.TestPatients" name="test_create_patient" time="0.103" /><testcase classname="tests.backend_test.TestPatients" name="test_list_patients_search" time="0.096" /><testcase classname="tests.backend_test.TestPatients" name="test_patient_detail" time="0.095" /><testcase classname="tests.backend_test.TestPatients" name="test_patient_appointments_empty" time="0.104" /><testcase classname="tests.backend_test.TestPatients" name="test_patient_activity_logs" time="0.094" /><testcase classname="tests.backend_test.TestAppointmentsLockWorkflow" name="test_start_slots" time="0.096" /><testcase classname="tests.backend_test.TestAppointmentsLockWorkflow" name="test_lock_slot" time="0.099" /><testcase classname="tests.backend_test.TestAppointmentsLockWorkflow" name="test_lock_conflict_409" time="0.447" /><testcase classname="tests.backend_test.TestAppointmentsLockWorkflow" name="test_locked_excluded_from_schedule" time="0.199" /><testcase classname="tests.backend_test.TestAppointmentsLockWorkflow" name="test_end_slots" time="0.096" /><testcase classname="tests.backend_test.TestAppointmentsLockWorkflow" name="test_update_end_time" time="0.106" /><testcase classname="tests.backend_test.TestAppointmentsLockWorkflow" name="test_update_start_time" time="0.100" /><testcase classname="tests.backend_test.TestAppointmentsLockWorkflow" name="test_update_dentist" time="0.106" /><testcase classname="tests.backend_test.TestAppointmentsLockWorkflow" name="test_update_date" time="0.100" /><testcase classname="tests.backend_test.TestAppointmentsLockWorkflow" name="test_confirm_appointment" time="0.103" /><testcase classname="tests.backend_test.TestAppointmentsLockWorkflow" name="test_get_appointment_detail" time="0.096" /><testcase classname="tests.backend_test.TestAppointmentsLockWorkflow" name="test_confirmed_appears_in_schedule_day" time="0.101" /><testcase classname="tests.backend_test.TestAppointmentsLockWorkflow" name="test_appointment_logged" time="0.099" /><testcase classname="tests.backend_test.TestExpiredLock" name="test_expired_lock_returns_410" time="0.989" /><testcase classname="tests.backend_test.TestExpiredLock" name="test_cleanup_expired_locks" time="0.191" /><testcase classname="tests.backend_test.TestScheduleDashboard" name="test_schedule_month_buckets" time="0.097" /><testcase classname="tests.backend_test.TestScheduleDashboard" name="test_dashboard_today_count" time="0.133" /><testcase classname="tests.backend_test.TestScheduleDashboard" name="test_dashboard_today_paged" time="0.099" /><testcase classname="tests.backend_test.TestScheduleDashboard" name="test_activity_logs" time="0.098" /><testcase classname="tests.backend_test.TestSeedIdempotency" name="test_seed_idempotent" time="1.432" /><testcase classname="tests.backend_test_p1.TestBranchCapacity" name="test_capacity_per_branch_allows_4_same_slot" time="1.154" /><testcase classname="tests.backend_test_p1.TestBranchCapacity" name="test_capacity_respects_intervals" time="1.153" /><testcase classname="tests.backend_test_p1.TestLockPayloadP1" name="test_lock_contains_p1_fields" time="73.357" /><testcase classname="tests.backend_test_p1.TestConfirmInheritsDoctor" name="test_confirm_inherits_doctor_solicitado" time="0.622" /><testcase classname="tests.backend_test_p1.TestArrive" name="test_arrive_from_confirmed" time="0.550" /><testcase classname="tests.backend_test_p1.TestArrive" name="test_arrive_invalid_state_409" time="0.433" /><testcase classname="tests.backend_test_p1.TestAssignDoctor" name="test_assign_doctor_keeps_solicitado" time="0.736" /><testcase classname="tests.backend_test_p1.TestAssignDoctor" name="test_assign_doctor_on_completed_409" time="0.872" /><testcase classname="tests.backend_test_p1.TestAttention" name="test_start_attention_from_arrived" time="0.612" /><testcase classname="tests.backend_test_p1.TestAttention" name="test_start_attention_from_confirmed_inherits_doctor" time="0.597"><failure message="AssertionError: {&quot;detail&quot;:{&quot;code&quot;:&quot;DOCTOR_ATTENTION_BUSY&quot;,&quot;message&quot;:&quot;El doctor ya está atendiendo a otro paciente. Finalízala primero.&quot;,&quot;conflictAppointmentId&quot;:830,&quot;conflictPatientId&quot;:681,&quot;conflictPatientName&quot;:null,&quot;conflictTime&quot;:&quot;10:00&quot;}}&#10;assert 409 == 200&#10; +  where 409 = &lt;Response [409]&gt;.status_code">tests/backend_test_p1.py:292: in test_start_attention_from_confirmed_inherits_doctor
    assert r.status_code == 200, r.text
E   AssertionError: {"detail":{"code":"DOCTOR_ATTENTION_BUSY","message":"El doctor ya está atendiendo a otro paciente. Finalízala primero.","conflictAppointmentId":830,"conflictPatientId":681,"conflictPatientName":null,"conflictTime":"10:00"}}
E   assert 409 == 200
E    +  where 409 = &lt;Response [409]&gt;.status_code</failure></testcase><testcase classname="tests.backend_test_p1.TestAttention" name="test_start_attention_locked_409" time="0.403" /><testcase classname="tests.backend_test_p1.TestAttention" name="test_finish_attention_concatenates_notes" time="0.725"><failure message="AssertionError: {&quot;detail&quot;:&quot;Sólo una cita IN_PROGRESS puede finalizarse&quot;}&#10;assert 409 == 200&#10; +  where 409 = &lt;Response [409]&gt;.status_code">tests/backend_test_p1.py:324: in test_finish_attention_concatenates_notes
    assert r.status_code == 200, r.text
E   AssertionError: {"detail":"Sólo una cita IN_PROGRESS puede finalizarse"}
E   assert 409 == 200
E    +  where 409 = &lt;Response [409]&gt;.status_code</failure></testcase><testcase classname="tests.backend_test_p1.TestAttention" name="test_finish_non_in_progress_409" time="0.397" /><testcase classname="tests.backend_test_p1.TestCancel" name="test_cancel_confirmed" time="0.503" /><testcase classname="tests.backend_test_p1.TestCancel" name="test_cancel_completed_409" time="0.823"><failure message="assert 200 == 409&#10; +  where 200 = &lt;Response [200]&gt;.status_code">tests/backend_test_p1.py:364: in test_cancel_completed_409
    assert r.status_code == 409
E   assert 200 == 409
E    +  where 200 = &lt;Response [200]&gt;.status_code</failure></testcase><testcase classname="tests.backend_test_p1.TestReschedule" name="test_reschedule_confirmed_resets_real_times" time="0.810" /><testcase classname="tests.backend_test_p1.TestReschedule" name="test_reschedule_capacity_check" time="1.443" /><testcase classname="tests.backend_test_p1.TestReschedule" name="test_reschedule_cancelled_409" time="0.662" /><testcase classname="tests.backend_test_p1.TestAppointmentDetailFields" name="test_get_appointment_has_p1_fields" time="0.528" /><testcase classname="tests.backend_test_p1.TestScheduleDentistMatch" name="test_schedule_day_matches_doctor_asignado" time="0.725" /><testcase classname="tests.backend_test_p1.TestActivityLogsCodes" name="test_full_lifecycle_logs" time="0.974" /><testcase classname="tests.backend_test_p1.TestActivityLogsCodes" name="test_cancel_and_reschedule_logs" time="1.092" /><testcase classname="tests.backend_test_p1.TestSeedIdempotencyP1" name="test_seed_twice_no_dup_no_overwrite_capacity" time="1.650" /><testcase classname="tests.backend_test_dentist.TestDentistLoginPermissions" name="test_login_dentist_returns_doctorId" time="0.339" /><testcase classname="tests.backend_test_dentist.TestDentistLoginPermissions" name="test_dentist_me_returns_profile_and_doctor" time="0.108" /><testcase classname="tests.backend_test_dentist.TestDentistLoginPermissions" name="test_admin_cannot_access_dentist_me" time="0.412" /><testcase classname="tests.backend_test_dentist.TestDentistLoginPermissions" name="test_reception_cannot_access_dentist_me" time="0.418" /><testcase classname="tests.backend_test_dentist.TestDentistLoginPermissions" name="test_no_bearer_token_rejected" time="0.113" /><testcase classname="tests.backend_test_dentist.TestDentistE2E" name="test_today_lists_my_appointment" time="1.481" /><testcase classname="tests.backend_test_dentist.TestDentistE2E" name="test_stats_today_count_at_least_one" time="0.513" /><testcase classname="tests.backend_test_dentist.TestDentistE2E" name="test_waiting_room_after_arrive" time="0.734" /><testcase classname="tests.backend_test_dentist.TestDentistE2E" name="test_reassign_doctor_removes_from_today_and_returns" time="0.685"><failure message="AssertionError: {&quot;detail&quot;:{&quot;code&quot;:&quot;DOCTOR_BLOCK_CONFLICT&quot;,&quot;message&quot;:&quot;El doctor ya tiene un paciente asignado o en atención.&quot;,&quot;conflictAppointmentId&quot;:851,&quot;conflictPatientName&quot;:null,&quot;conflictStatus&quot;:&quot;ARRIVED&quot;,&quot;conflictTime&quot;:&quot;09:00&quot;,&quot;requiresConfirmation&quot;:true}}&#10;assert 409 == 200&#10; +  where 409 = &lt;Response [409]&gt;.status_code">tests/backend_test_dentist.py:218: in test_reassign_doctor_removes_from_today_and_returns
    assert r2.status_code == 200, r2.text
E   AssertionError: {"detail":{"code":"DOCTOR_BLOCK_CONFLICT","message":"El doctor ya tiene un paciente asignado o en atención.","conflictAppointmentId":851,"conflictPatientName":null,"conflictStatus":"ARRIVED","conflictTime":"09:00","requiresConfirmation":true}}
E   assert 409 == 200
E    +  where 409 = &lt;Response [409]&gt;.status_code</failure></testcase><testcase classname="tests.backend_test_dentist.TestDentistE2E" name="test_start_attention_appears_in_in_progress" time="0.751" /><testcase classname="tests.backend_test_dentist.TestDentistE2E" name="test_finish_attention_moves_to_completed_and_patients" time="0.624"><failure message="AssertionError: assert 409 == 200&#10; +  where 409 = &lt;Response [409]&gt;.status_code&#10; +    where &lt;Response [409]&gt; = &lt;function put at 0xfe4f98cf1a80&gt;('https://dental-admin-10.preview.emergentagent.com/api/appointments/854/start-attention', headers={'Authorization': 'Bearer eyJhbGciOiJIUzI1NiIsInR5cCI6IkpXVCJ9.eyJzdWIiOiIzIiwidHlwZSI6ImFjY2VzcyIsImlhdCI6MTc4MjA4MjkwOCwiZXhwIjoxNzgyMTY5MzA4fQ.F_LgOYxgYQpuw4e57lG_fwPAkUPbkBl8SnEd70J7I4w', 'Content-Type': 'application/json'})&#10; +      where &lt;function put at 0xfe4f98cf1a80&gt; = requests.put">tests/backend_test_dentist.py:238: in test_finish_attention_moves_to_completed_and_patients
    assert requests.put(f"{API}/appointments/{aid}/start-attention", headers=dentist["headers"]).status_code == 200
E   AssertionError: assert 409 == 200
E    +  where 409 = &lt;Response [409]&gt;.status_code
E    +    where &lt;Response [409]&gt; = &lt;function put at 0xfe4f98cf1a80&gt;('https://dental-admin-10.preview.emergentagent.com/api/appointments/854/start-attention', headers={'Authorization': 'Bearer eyJhbGciOiJIUzI1NiIsInR5cCI6IkpXVCJ9.eyJzdWIiOiIzIiwidHlwZSI6ImFjY2VzcyIsImlhdCI6MTc4MjA4MjkwOCwiZXhwIjoxNzgyMTY5MzA4fQ.F_LgOYxgYQpuw4e57lG_fwPAkUPbkBl8SnEd70J7I4w', 'Content-Type': 'application/json'})
E    +      where &lt;function put at 0xfe4f98cf1a80&gt; = requests.put</failure></testcase><testcase classname="tests.backend_test_dentist.TestDentistFilters" name="test_in_progress_excludes_other_doctors" time="1.026" /><testcase classname="tests.backend_test_dentist.TestDentistFilters" name="test_agenda_default_returns_today_onwards_no_locked" time="0.681" /><testcase classname="tests.backend_test_dentist.TestDentistFilters" name="test_agenda_with_range" time="0.524" /><testcase classname="tests.backend_test_dentist.TestDentistFilters" name="test_patients_search_by_query" time="0.602" /><testcase classname="tests.backend_test_dentist.TestCompatAndSeed" name="test_today_doctorId_effective_alias" time="0.707" /><testcase classname="tests.backend_test_dentist.TestCompatAndSeed" name="test_seed_twice_does_not_duplicate_dentist_and_keeps_doctorId" time="1.867" /><testcase classname="tests.backend_test_dentist.TestCompatAndSeed" name="test_dentist_assign_doctor_allowed" time="0.509" /><testcase classname="tests.backend_test_walkin.TestWalkInRegister" name="test_walkin_no_doctor" time="0.639" /><testcase classname="tests.backend_test_walkin.TestWalkInRegister" name="test_walkin_with_doctor" time="0.293"><failure message="assert None == 1">tests/backend_test_walkin.py:106: in test_walkin_with_doctor
    assert data["doctorAsignado"] == 1
E   assert None == 1</failure></testcase><testcase classname="tests.backend_test_walkin.TestWalkInRegister" name="test_walkin_patient_not_found" time="0.119" /><testcase classname="tests.backend_test_walkin.TestAppointmentHistory" name="test_history_structure_and_reverse_order" time="0.894" /><testcase classname="tests.backend_test_walkin.TestWalkInVisibility" name="test_walkin_appears_in_schedule_day" time="0.314" /><testcase classname="tests.backend_test_walkin.TestWalkInVisibility" name="test_walkin_appears_in_dentist_waiting_room" time="0.644" /><testcase classname="tests.backend_test_walkin.TestWalkInE2E" name="test_walkin_full_flow" time="0.804" /><testcase classname="tests.backend_test_walkin.TestAppointmentDetailExtraFields" name="test_get_appointment_exposes_walkin_and_patient_fields" time="0.283" /><testcase classname="tests.backend_test_admin_doctors.TestAdminDoctorsList" name="test_list_includes_inactive" time="0.454" /><testcase classname="tests.backend_test_admin_doctors.TestAdminDoctorsList" name="test_list_forbidden_for_reception" time="0.417" /><testcase classname="tests.backend_test_admin_doctors.TestAdminDoctorsCreate" name="test_create_doctor_without_user" time="0.198" /><testcase classname="tests.backend_test_admin_doctors.TestAdminDoctorsCreate" name="test_create_doctor_with_user_login_works" time="0.644" /><testcase classname="tests.backend_test_admin_doctors.TestAdminDoctorsCreate" name="test_create_forbidden_for_reception" time="68.306" /><testcase classname="tests.backend_test_admin_doctors.TestAdminDoctorsUpdate" name="test_update_syncs_name_specialty" time="0.504" /><testcase classname="tests.backend_test_admin_doctors.TestAdminDoctorsUpdate" name="test_update_active_and_available_flags" time="0.437" /><testcase classname="tests.backend_test_admin_doctors.TestAdminDoctorsUpdate" name="test_change_password_relogin" time="1.301" /><testcase classname="tests.backend_test_admin_doctors.TestAdminDoctorsUpdate" name="test_password_change_forbidden_for_reception" time="0.426" /><testcase classname="tests.backend_test_admin_doctors.TestCapacityExcludesInactiveDoctor" name="test_active_count_drops_after_deactivate" time="0.513" /><testcase classname="tests.backend_test_admin_doctors.TestAssignDoctorConflict" name="test_conflict_returns_409_with_payload" time="0.627" /><testcase classname="tests.backend_test_admin_doctors.TestAssignDoctorConflict" name="test_confirm_replace_unassigns_previous" time="0.606" /><testcase classname="tests.backend_test_admin_doctors.TestStartAttentionDoctorBusy" name="test_blocks_when_doctor_in_progress" time="0.828" /><testcase classname="tests.backend_test_admin_doctors.TestNoShow" name="test_no_show_from_confirmed" time="0.503" /><testcase classname="tests.backend_test_admin_doctors.TestNoShow" name="test_no_show_rejects_in_progress" time="0.714" /><testcase classname="tests.backend_test_admin_doctors.TestNoShow" name="test_no_show_creates_history_log" time="0.596" /><testcase classname="tests.backend_test_admin_doctors.TestWalkInDoctorBusyWarning" name="test_walkin_with_busy_doctor_returns_warning" time="0.728" /><testcase classname="tests.backend_test_create_appt.TestCreateAppointmentDirect" name="test_create_without_doctor" time="0.642" /><testcase classname="tests.backend_test_create_appt.TestCreateAppointmentDirect" name="test_create_with_doctor" time="0.293" /><testcase classname="tests.backend_test_create_appt.TestCreateAppointmentDirect" name="test_create_400_end_before_start" time="0.293" /><testcase classname="tests.backend_test_create_appt.TestCreateAppointmentDirect" name="test_create_400_today_past_hour" time="0.184" /><testcase classname="tests.backend_test_create_appt.TestCreateAppointmentDirect" name="test_create_400_empty_reason" time="0.189" /><testcase classname="tests.backend_test_create_appt.TestCreateAppointmentDirect" name="test_create_404_patient_not_found" time="0.099" /><testcase classname="tests.backend_test_create_appt.TestCreateAppointmentDirect" name="test_create_409_branch_saturation_with_doctor" time="0.297" /><testcase classname="tests.backend_test_create_appt.TestWalkInAssignDoctor" name="test_walkin_then_assign_keeps_walkin_and_arrived" time="0.420" /></testsuite></testsuites>