<?xml version="1.0" encoding="utf-8"?><testsuites name="pytest tests"><testsuite name="pytest" errors="0" failures="0" skipped="0" tests="15" time="12.481" timestamp="2026-06-26T02:27:30.522438+00:00" hostname="agent-env-5a0be0b7-80ae-4881-ae5a-f3fa22d2e46a"><testcase classname="tests.backend_test_treatments" name="test_create_budget_is_draft" time="0.657" /><testcase classname="tests.backend_test_treatments" name="test_budget_transitions_draft_present_accept" time="0.433" /><testcase classname="tests.backend_test_treatments" name="test_budget_reject_from_presented" time="0.448" /><testcase classname="tests.backend_test_treatments" name="test_treatment_requires_accepted_budget" time="0.335" /><testcase classname="tests.backend_test_treatments" name="test_create_treatment_cascades_budget_to_in_execution" time="0.645" /><testcase classname="tests.backend_test_treatments" name="test_only_one_open_treatment_per_patient" time="0.637" /><testcase classname="tests.backend_test_treatments" name="test_activity_outcome_shortcuts" time="1.262" /><testcase classname="tests.backend_test_treatments" name="test_finalize_requires_all_completed_and_cascades" time="1.484" /><testcase classname="tests.backend_test_treatments" name="test_pause_resume_cancel" time="1.365" /><testcase classname="tests.backend_test_treatments" name="test_sync_add_item_creates_new_pending_activity" time="0.834" /><testcase classname="tests.backend_test_treatments" name="test_sync_remove_pending_item_cancels_activity" time="0.897" /><testcase classname="tests.backend_test_treatments" name="test_sync_remove_completed_item_blocks_with_409" time="0.889" /><testcase classname="tests.backend_test_treatments" name="test_sync_blocks_when_activity_in_progress" time="0.986" /><testcase classname="tests.backend_test_treatments" name="test_sync_price_change_does_not_affect_activity_price" time="0.883" /><testcase classname="tests.backend_test_treatments" name="test_total_budgeted_ignores_rejected_and_cancelled" time="0.632" /></testsuite></testsuites>